


ARM Macro Assembler    Page 1 


    1 00000000         ; Desenvolvido para a placa EK-TM4C129EXL
    2 00000000         ; Matheus Passos, Lucas Yukio, João Castilho Cardoso
    3 00000000         
    4 00000000         ; Contagem de 0 a 99 nos displays de 7 segmentos, passo 
                       ajustável por USR_SW1, modo inversão por USR_SW2
    5 00000000         
    6 00000000         ; ------------------------------------------------------
                       -------------------------
    7 00000000                 THUMB                        ; Instruções do t
                                                            ipo Thumb-2
    8 00000000         ; ------------------------------------------------------
                       -------------------------
    9 00000000         
   10 00000000         ;-------------------------------------------------------
                       ----------
   11 00000000         ; DEFINES
   12 00000000         ;-------------------------------------------------------
                       ----------
   13 00000000         
   14 00000000 000186A0 
                       MS250_IN_US
                               EQU              100000
   15 00000000         
   16 00000000         ;-------------------------------------------------------
                       ----------
   17 00000000         ; Área de Dados - Declarações de variáveis
   18 00000000                 AREA             DATA, READONLY, ALIGN=2
   19 00000000         ; Se alguma variável for chamada em outro arquivo
   20 00000000         ;EXPORT  var [DATA,SIZE=tam]   ; Permite chamar a variá
                       vel var a partir de outro arquivo
   21 00000000         ;var SPACE tam                  ; Declara uma variável 
                       de nome var de tam bytes a partir da primeira posição 
                       da RAM
   22 00000000         
   23 00000000         ; ------------------------------------------------------
                       -------------------------
   24 00000000         ; Área de Código - Tudo abaixo da diretiva a seguir se
                       rá armazenado na memória de código
   25 00000000                 AREA             |.text|, CODE, READONLY, ALIGN=
2
   26 00000000         
   27 00000000         ; Se alguma função do arquivo for chamada em outro arq
                       uivo
   28 00000000                 EXPORT           Start       ; Permite chamar a 
                                                            função Start a pa
                                                            rtir de outro arqui
                                                            vo. No caso startup
                                                            .s
   29 00000000         
   30 00000000         ; Se chamar alguma função externa
   31 00000000         ;IMPORT <func>              ; Permite chamar dentro dest
                       e arquivo uma função <func>
   32 00000000                 IMPORT           PLL_Init
   33 00000000                 IMPORT           SysTick_Init
   34 00000000                 IMPORT           GPIO_Init
   35 00000000                 IMPORT           GPIOPortJ_Init
   36 00000000                 IMPORT           LCD_Init
   37 00000000                 IMPORT           LCD_Display
   38 00000000                 IMPORT           Seg_Display



ARM Macro Assembler    Page 2 


   39 00000000         
   40 00000000         ;-------------------------------------------------------
                       ----------
   41 00000000         ; VARIÁVEIS EM REGISTRADORES
   42 00000000         ; R4 = contador (0-99)
   43 00000000         ; R5 = passo    (1-9)
   44 00000000         ; R6 = modo     (0=crescente,1=decrescente)
   45 00000000         ; ------------------------------------------------------
                       -------------------------
   46 00000000         ; Função main()
   47 00000000         Start
   48 00000000 F7FF FFFE       BL               PLL_Init    ; Configura clock p
                                                            ara 80MHz
   49 00000004 F7FF FFFE       BL               SysTick_Init ; Inicializa SysTi
                                                            ck
   50 00000008 F7FF FFFE       BL               GPIO_Init   ; Inicializa GPIOs
   51 0000000C F7FF FFFE       BL               GPIOPortJ_Init ; Inicializa int
                                                            errupções
   52 00000010 F7FF FFFE       BL               LCD_Init    ; Inicializa LCD
   53 00000014 F04F 0501       MOV              R5, #1      ; Passo inicial = 1
                                                            
   54 00000018 F04F 0600       MOV              R6, #0      ; Modo inicial = cr
                                                            escente
   55 0000001C F8DF 8034       LDR              R8, =MS250_IN_US ; Tempo de con
                                                            tagem (100000 x 10u
                                                            s = 1s)
   56 00000020         
   57 00000020         MainLoop
   58 00000020 F04F 0700       MOV              R7, #0      ; Cronômetro
   59 00000024         ShowOnDisplay
   60 00000024 F7FF FFFE       BL               Seg_Display ; Exibe número no 
                                                            display de 7 segmen
                                                            tos
   61 00000028 F107 0701       ADD              R7, R7, #1  ; Incrementa cronô
                                                            metro
   62 0000002C 4547            CMP              R7, R8      ; Verifica se passo
                                                            u 1s
   63 0000002E DBF9            BLT              ShowOnDisplay ; Enquanto não p
                                                            assou 1s mostra o m
                                                            esmo número no dis
                                                            play de 7 segmentos
                                                            
   64 00000030 F7FF FFFE       BL               LCD_Display ; Atualiza display 
                                                            LCD
   65 00000034 2E00            CMP              R6, #0      ; Verifica o modo 0
                                                            =crescente 1=decres
                                                            cente
   66 00000036 D002            BEQ              DoIncrement
   67 00000038 EBA4 0405       SUB              R4, R4, R5  ; Modo decrescente
   68 0000003C E005            B                CheckUnderflow
   69 0000003E         DoIncrement
   70 0000003E 442C            ADD              R4, R4, R5  ; Modo crescente
   71 00000040 2C63            CMP              R4, #99
   72 00000042 DD06            BLE              ContinueLoop
   73 00000044 F04F 0400       MOV              R4, #0      ; Se passou de 99, 
                                                            reinicia contagem
   74 00000048 E003            B                ContinueLoop
   75 0000004A         
   76 0000004A         CheckUnderflow



ARM Macro Assembler    Page 3 


   77 0000004A 2C00            CMP              R4, #0
   78 0000004C DA01            BGE              ContinueLoop
   79 0000004E F104 0464       ADD              R4, R4, #100
   80 00000052         
   81 00000052         ContinueLoop
   82 00000052 E7E5            B                MainLoop
   83 00000054         
   84 00000054         ; ------------------------------------------------------
                       --------------------------------------------------------
                       -----------
   85 00000054         ; Fim do Arquivo
   86 00000054         ; ------------------------------------------------------
                       --------------------------------------------------------
                       -----------
   87 00000054                 ALIGN                        ; Garante que o fim
                                                             da seção está a
                                                            linhado
   88 00000054                 END                          ; Fim do arquivo
              000186A0 
Command Line: --debug --xref --diag_suppress=9931,A1950W --cpu=Cortex-M4.fp.sp 
--depend=.\objects\main.d -o.\objects\main.o -IC:\Users\lucas\AppData\Local\arm
\packs\Keil\TM4C_DFP\1.1.0\Device\Include\TM4C129 --predefine="__EVAL SETA 1" -
-predefine="__UVISION_VERSION SETA 542" --predefine="TM4C129ENCPDT SETA 1" --li
st=.\listings\main.lst main.s



ARM Macro Assembler    Page 1 Alphabetic symbol ordering
Relocatable symbols

DATA 00000000

Symbol: DATA
   Definitions
      At line 18 in file main.s
   Uses
      None
Comment: DATA unused
1 symbol



ARM Macro Assembler    Page 1 Alphabetic symbol ordering
Relocatable symbols

.text 00000000

Symbol: .text
   Definitions
      At line 25 in file main.s
   Uses
      None
Comment: .text unused
CheckUnderflow 0000004A

Symbol: CheckUnderflow
   Definitions
      At line 76 in file main.s
   Uses
      At line 68 in file main.s
Comment: CheckUnderflow used once
ContinueLoop 00000052

Symbol: ContinueLoop
   Definitions
      At line 81 in file main.s
   Uses
      At line 72 in file main.s
      At line 74 in file main.s
      At line 78 in file main.s

DoIncrement 0000003E

Symbol: DoIncrement
   Definitions
      At line 69 in file main.s
   Uses
      At line 66 in file main.s
Comment: DoIncrement used once
MainLoop 00000020

Symbol: MainLoop
   Definitions
      At line 57 in file main.s
   Uses
      At line 82 in file main.s
Comment: MainLoop used once
ShowOnDisplay 00000024

Symbol: ShowOnDisplay
   Definitions
      At line 59 in file main.s
   Uses
      At line 63 in file main.s
Comment: ShowOnDisplay used once
Start 00000000

Symbol: Start
   Definitions
      At line 47 in file main.s
   Uses
      At line 28 in file main.s
Comment: Start used once
7 symbols



ARM Macro Assembler    Page 1 Alphabetic symbol ordering
Absolute symbols

MS250_IN_US 000186A0

Symbol: MS250_IN_US
   Definitions
      At line 14 in file main.s
   Uses
      At line 55 in file main.s
Comment: MS250_IN_US used once
1 symbol



ARM Macro Assembler    Page 1 Alphabetic symbol ordering
External symbols

GPIOPortJ_Init 00000000

Symbol: GPIOPortJ_Init
   Definitions
      At line 35 in file main.s
   Uses
      At line 51 in file main.s
Comment: GPIOPortJ_Init used once
GPIO_Init 00000000

Symbol: GPIO_Init
   Definitions
      At line 34 in file main.s
   Uses
      At line 50 in file main.s
Comment: GPIO_Init used once
LCD_Display 00000000

Symbol: LCD_Display
   Definitions
      At line 37 in file main.s
   Uses
      At line 64 in file main.s
Comment: LCD_Display used once
LCD_Init 00000000

Symbol: LCD_Init
   Definitions
      At line 36 in file main.s
   Uses
      At line 52 in file main.s
Comment: LCD_Init used once
PLL_Init 00000000

Symbol: PLL_Init
   Definitions
      At line 32 in file main.s
   Uses
      At line 48 in file main.s
Comment: PLL_Init used once
Seg_Display 00000000

Symbol: Seg_Display
   Definitions
      At line 38 in file main.s
   Uses
      At line 60 in file main.s
Comment: Seg_Display used once
SysTick_Init 00000000

Symbol: SysTick_Init
   Definitions
      At line 33 in file main.s
   Uses
      At line 49 in file main.s
Comment: SysTick_Init used once
7 symbols
352 symbols in table
