


ARM Macro Assembler    Page 1 


    1 00000000         ; matricial.s
    2 00000000         ; Desenvolvido para a placa EK-TM4C1294XL
    3 00000000         ; Matheus Passos, Lucas Yukio, João Castilho
    4 00000000         
    5 00000000         ; ------------------------------------------------------
                       -------------------------
    6 00000000                 THUMB                        ; Instrucoes do tip
                                                            o Thumb-2
    7 00000000         ; ------------------------------------------------------
                       -------------------------
    8 00000000         ; Declaracoes EQU - Defines
    9 00000000         ; ========================
   10 00000000         ; ========================
   11 00000000         ; Definicoes dos Registradores Gerais
   12 00000000 400FE608 
                       SYSCTL_RCGCGPIO_R
                               EQU              0x400FE608
   13 00000000 400FEA08 
                       SYSCTL_PRGPIO_R
                               EQU              0x400FEA08
   14 00000000         ; ========================
   15 00000000         ; Definicoes dos Ports
   16 00000000         ; ~~~~~~~~~~~~~~~~ PORT A ~~~~~~~~~~~~~~~~~~
   17 00000000 40058520 
                       GPIO_PORTA_AHB_LOCK_R
                               EQU              0x40058520
   18 00000000 40058524 
                       GPIO_PORTA_AHB_CR_R
                               EQU              0x40058524
   19 00000000 40058528 
                       GPIO_PORTA_AHB_AMSEL_R
                               EQU              0x40058528
   20 00000000 4005852C 
                       GPIO_PORTA_AHB_PCTL_R
                               EQU              0x4005852C
   21 00000000 40058400 
                       GPIO_PORTA_AHB_DIR_R
                               EQU              0x40058400
   22 00000000 40058420 
                       GPIO_PORTA_AHB_AFSEL_R
                               EQU              0x40058420
   23 00000000 4005851C 
                       GPIO_PORTA_AHB_DEN_R
                               EQU              0x4005851C
   24 00000000 40058510 
                       GPIO_PORTA_AHB_PUR_R
                               EQU              0x40058510
   25 00000000 400583FC 
                       GPIO_PORTA_AHB_DATA_R
                               EQU              0x400583FC
   26 00000000 00000001 
                       GPIO_PORTA
                               EQU              2_000000000000001
   27 00000000         
   28 00000000         ; ~~~~~~~~~~~~~~~~ PORT B ~~~~~~~~~~~~~~~~~~
   29 00000000 400593FC 
                       GPIO_PORTB_AHB_DATA_R
                               EQU              0x400593FC
   30 00000000 40059400 



ARM Macro Assembler    Page 2 


                       GPIO_PORTB_AHB_DIR_R
                               EQU              0x40059400
   31 00000000 40059420 
                       GPIO_PORTB_AHB_AFSEL_R
                               EQU              0x40059420
   32 00000000 40059510 
                       GPIO_PORTB_AHB_PUR_R
                               EQU              0x40059510
   33 00000000 4005951C 
                       GPIO_PORTB_AHB_DEN_R
                               EQU              0x4005951C
   34 00000000 40059520 
                       GPIO_PORTB_AHB_LOCK_R
                               EQU              0x40059520
   35 00000000 40059524 
                       GPIO_PORTB_AHB_CR_R
                               EQU              0x40059524
   36 00000000 40059528 
                       GPIO_PORTB_AHB_AMSEL_R
                               EQU              0x40059528
   37 00000000 4005952C 
                       GPIO_PORTB_AHB_PCTL_R
                               EQU              0x4005952C
   38 00000000 00000002 
                       GPIO_PORTB
                               EQU              2_000000000000010
   39 00000000         
   40 00000000         ; ~~~~~~~~~~~~~~~~ PORT C ~~~~~~~~~~~~~~~~~~
   41 00000000 4005A3FC 
                       GPIO_PORTC_AHB_DATA_R
                               EQU              0x4005A3FC
   42 00000000 4005A400 
                       GPIO_PORTC_AHB_DIR_R
                               EQU              0x4005A400
   43 00000000 4005A420 
                       GPIO_PORTC_AHB_AFSEL_R
                               EQU              0x4005A420
   44 00000000 4005A510 
                       GPIO_PORTC_AHB_PUR_R
                               EQU              0x4005A510
   45 00000000 4005A51C 
                       GPIO_PORTC_AHB_DEN_R
                               EQU              0x4005A51C
   46 00000000 4005A520 
                       GPIO_PORTC_AHB_LOCK_R
                               EQU              0x4005A520
   47 00000000 4005A524 
                       GPIO_PORTC_AHB_CR_R
                               EQU              0x4005A524
   48 00000000 4005A528 
                       GPIO_PORTC_AHB_AMSEL_R
                               EQU              0x4005A528
   49 00000000 4005A52C 
                       GPIO_PORTC_AHB_PCTL_R
                               EQU              0x4005A52C
   50 00000000 00000004 
                       GPIO_PORTC
                               EQU              2_000000000000100
   51 00000000         



ARM Macro Assembler    Page 3 


   52 00000000         ; ~~~~~~~~~~~~~~~~ PORT D ~~~~~~~~~~~~~~~~~~
   53 00000000 4005B3FC 
                       GPIO_PORTD_AHB_DATA_R
                               EQU              0x4005B3FC
   54 00000000 4005B400 
                       GPIO_PORTD_AHB_DIR_R
                               EQU              0x4005B400
   55 00000000 4005B420 
                       GPIO_PORTD_AHB_AFSEL_R
                               EQU              0x4005B420
   56 00000000 4005B510 
                       GPIO_PORTD_AHB_PUR_R
                               EQU              0x4005B510
   57 00000000 4005B51C 
                       GPIO_PORTD_AHB_DEN_R
                               EQU              0x4005B51C
   58 00000000 4005B520 
                       GPIO_PORTD_AHB_LOCK_R
                               EQU              0x4005B520
   59 00000000 4005B524 
                       GPIO_PORTD_AHB_CR_R
                               EQU              0x4005B524
   60 00000000 4005B528 
                       GPIO_PORTD_AHB_AMSEL_R
                               EQU              0x4005B528
   61 00000000 4005B52C 
                       GPIO_PORTD_AHB_PCTL_R
                               EQU              0x4005B52C
   62 00000000 00000008 
                       GPIO_PORTD
                               EQU              2_000000000001000
   63 00000000         
   64 00000000         ; ~~~~~~~~~~~~~~~~ PORT E ~~~~~~~~~~~~~~~~~~
   65 00000000 4005C3FC 
                       GPIO_PORTE_AHB_DATA_R
                               EQU              0x4005C3FC
   66 00000000 4005C400 
                       GPIO_PORTE_AHB_DIR_R
                               EQU              0x4005C400
   67 00000000 4005C420 
                       GPIO_PORTE_AHB_AFSEL_R
                               EQU              0x4005C420
   68 00000000 4005C510 
                       GPIO_PORTE_AHB_PUR_R
                               EQU              0x4005C510
   69 00000000 4005C51C 
                       GPIO_PORTE_AHB_DEN_R
                               EQU              0x4005C51C
   70 00000000 4005C520 
                       GPIO_PORTE_AHB_LOCK_R
                               EQU              0x4005C520
   71 00000000 4005C524 
                       GPIO_PORTE_AHB_CR_R
                               EQU              0x4005C524
   72 00000000 4005C528 
                       GPIO_PORTE_AHB_AMSEL_R
                               EQU              0x4005C528
   73 00000000 4005C52C 
                       GPIO_PORTE_AHB_PCTL_R



ARM Macro Assembler    Page 4 


                               EQU              0x4005C52C
   74 00000000 00000010 
                       GPIO_PORTE
                               EQU              2_000000000010000
   75 00000000         
   76 00000000         ; ~~~~~~~~~~~~~~~~ PORT F ~~~~~~~~~~~~~~~~~~
   77 00000000 4005D3FC 
                       GPIO_PORTF_AHB_DATA_R
                               EQU              0x4005D3FC
   78 00000000 4005D400 
                       GPIO_PORTF_AHB_DIR_R
                               EQU              0x4005D400
   79 00000000 4005D420 
                       GPIO_PORTF_AHB_AFSEL_R
                               EQU              0x4005D420
   80 00000000 4005D510 
                       GPIO_PORTF_AHB_PUR_R
                               EQU              0x4005D510
   81 00000000 4005D51C 
                       GPIO_PORTF_AHB_DEN_R
                               EQU              0x4005D51C
   82 00000000 4005D520 
                       GPIO_PORTF_AHB_LOCK_R
                               EQU              0x4005D520
   83 00000000 4005D524 
                       GPIO_PORTF_AHB_CR_R
                               EQU              0x4005D524
   84 00000000 4005D528 
                       GPIO_PORTF_AHB_AMSEL_R
                               EQU              0x4005D528
   85 00000000 4005D52C 
                       GPIO_PORTF_AHB_PCTL_R
                               EQU              0x4005D52C
   86 00000000 00000020 
                       GPIO_PORTF
                               EQU              2_000000000100000
   87 00000000         
   88 00000000         ; ~~~~~~~~~~~~~~~~ PORT G ~~~~~~~~~~~~~~~~~~
   89 00000000 4005E3FC 
                       GPIO_PORTG_AHB_DATA_R
                               EQU              0x4005E3FC
   90 00000000 4005E400 
                       GPIO_PORTG_AHB_DIR_R
                               EQU              0x4005E400
   91 00000000 4005E420 
                       GPIO_PORTG_AHB_AFSEL_R
                               EQU              0x4005E420
   92 00000000 4005E510 
                       GPIO_PORTG_AHB_PUR_R
                               EQU              0x4005E510
   93 00000000 4005E51C 
                       GPIO_PORTG_AHB_DEN_R
                               EQU              0x4005E51C
   94 00000000 4005E520 
                       GPIO_PORTG_AHB_LOCK_R
                               EQU              0x4005E520
   95 00000000 4005E524 
                       GPIO_PORTG_AHB_CR_R
                               EQU              0x4005E524



ARM Macro Assembler    Page 5 


   96 00000000 4005E528 
                       GPIO_PORTG_AHB_AMSEL_R
                               EQU              0x4005E528
   97 00000000 4005E52C 
                       GPIO_PORTG_AHB_PCTL_R
                               EQU              0x4005E52C
   98 00000000 00000040 
                       GPIO_PORTG
                               EQU              2_000000001000000
   99 00000000         
  100 00000000         ; ~~~~~~~~~~~~~~~~ PORT H ~~~~~~~~~~~~~~~~~~
  101 00000000 4005F3FC 
                       GPIO_PORTH_AHB_DATA_R
                               EQU              0x4005F3FC
  102 00000000 4005F400 
                       GPIO_PORTH_AHB_DIR_R
                               EQU              0x4005F400
  103 00000000 4005F420 
                       GPIO_PORTH_AHB_AFSEL_R
                               EQU              0x4005F420
  104 00000000 4005F510 
                       GPIO_PORTH_AHB_PUR_R
                               EQU              0x4005F510
  105 00000000 4005F51C 
                       GPIO_PORTH_AHB_DEN_R
                               EQU              0x4005F51C
  106 00000000 4005F520 
                       GPIO_PORTH_AHB_LOCK_R
                               EQU              0x4005F520
  107 00000000 4005F524 
                       GPIO_PORTH_AHB_CR_R
                               EQU              0x4005F524
  108 00000000 4005F528 
                       GPIO_PORTH_AHB_AMSEL_R
                               EQU              0x4005F528
  109 00000000 4005F52C 
                       GPIO_PORTH_AHB_PCTL_R
                               EQU              0x4005F52C
  110 00000000 00000080 
                       GPIO_PORTH
                               EQU              2_000000010000000
  111 00000000         
  112 00000000         ; ~~~~~~~~~~~~~~~~ PORT J ~~~~~~~~~~~~~~~~~~
  113 00000000 400603FC 
                       GPIO_PORTJ_AHB_DATA_R
                               EQU              0x400603FC
  114 00000000 40060400 
                       GPIO_PORTJ_AHB_DIR_R
                               EQU              0x40060400
  115 00000000 40060420 
                       GPIO_PORTJ_AHB_AFSEL_R
                               EQU              0x40060420
  116 00000000 40060510 
                       GPIO_PORTJ_AHB_PUR_R
                               EQU              0x40060510
  117 00000000 4006051C 
                       GPIO_PORTJ_AHB_DEN_R
                               EQU              0x4006051C
  118 00000000 40060520 



ARM Macro Assembler    Page 6 


                       GPIO_PORTJ_AHB_LOCK_R
                               EQU              0x40060520
  119 00000000 40060524 
                       GPIO_PORTJ_AHB_CR_R
                               EQU              0x40060524
  120 00000000 40060528 
                       GPIO_PORTJ_AHB_AMSEL_R
                               EQU              0x40060528
  121 00000000 4006052C 
                       GPIO_PORTJ_AHB_PCTL_R
                               EQU              0x4006052C
  122 00000000 00000100 
                       GPIO_PORTJ
                               EQU              2_000000100000000
  123 00000000         
  124 00000000         ; ~~~~~~~~~~~~~~~~ PORT K ~~~~~~~~~~~~~~~~~~
  125 00000000 400613FC 
                       GPIO_PORTK_DATA_R
                               EQU              0x400613FC
  126 00000000 40061400 
                       GPIO_PORTK_DIR_R
                               EQU              0x40061400
  127 00000000 40061420 
                       GPIO_PORTK_AFSEL_R
                               EQU              0x40061420
  128 00000000 40061510 
                       GPIO_PORTK_PUR_R
                               EQU              0x40061510
  129 00000000 4006151C 
                       GPIO_PORTK_DEN_R
                               EQU              0x4006151C
  130 00000000 40061520 
                       GPIO_PORTK_LOCK_R
                               EQU              0x40061520
  131 00000000 40061524 
                       GPIO_PORTK_CR_R
                               EQU              0x40061524
  132 00000000 40061528 
                       GPIO_PORTK_AMSEL_R
                               EQU              0x40061528
  133 00000000 4006152C 
                       GPIO_PORTK_PCTL_R
                               EQU              0x4006152C
  134 00000000 00000200 
                       GPIO_PORTK
                               EQU              2_000001000000000
  135 00000000         
  136 00000000         ; ~~~~~~~~~~~~~~~~ PORT L ~~~~~~~~~~~~~~~~~~
  137 00000000 400623FC 
                       GPIO_PORTL_DATA_R
                               EQU              0x400623FC
  138 00000000 40062400 
                       GPIO_PORTL_DIR_R
                               EQU              0x40062400
  139 00000000 40062420 
                       GPIO_PORTL_AFSEL_R
                               EQU              0x40062420
  140 00000000 40062510 
                       GPIO_PORTL_PUR_R



ARM Macro Assembler    Page 7 


                               EQU              0x40062510
  141 00000000 40062514 
                       GPIO_PORTL_PDR_R
                               EQU              0x40062514
  142 00000000 4006251C 
                       GPIO_PORTL_DEN_R
                               EQU              0x4006251C
  143 00000000 40062520 
                       GPIO_PORTL_LOCK_R
                               EQU              0x40062520
  144 00000000 40062524 
                       GPIO_PORTL_CR_R
                               EQU              0x40062524
  145 00000000 40062528 
                       GPIO_PORTL_AMSEL_R
                               EQU              0x40062528
  146 00000000 4006252C 
                       GPIO_PORTL_PCTL_R
                               EQU              0x4006252C
  147 00000000 00000400 
                       GPIO_PORTL
                               EQU              2_000010000000000
  148 00000000         
  149 00000000         ; ~~~~~~~~~~~~~~~~ PORT M ~~~~~~~~~~~~~~~~~~
  150 00000000 400633FC 
                       GPIO_PORTM_DATA_R
                               EQU              0x400633FC
  151 00000000 40063400 
                       GPIO_PORTM_DIR_R
                               EQU              0x40063400
  152 00000000 40063420 
                       GPIO_PORTM_AFSEL_R
                               EQU              0x40063420
  153 00000000 40063510 
                       GPIO_PORTM_PUR_R
                               EQU              0x40063510
  154 00000000 4006351C 
                       GPIO_PORTM_DEN_R
                               EQU              0x4006351C
  155 00000000 40063520 
                       GPIO_PORTM_LOCK_R
                               EQU              0x40063520
  156 00000000 40063524 
                       GPIO_PORTM_CR_R
                               EQU              0x40063524
  157 00000000 40063528 
                       GPIO_PORTM_AMSEL_R
                               EQU              0x40063528
  158 00000000 4006352C 
                       GPIO_PORTM_PCTL_R
                               EQU              0x4006352C
  159 00000000 00000800 
                       GPIO_PORTM
                               EQU              2_000100000000000
  160 00000000         
  161 00000000         ; ~~~~~~~~~~~~~~~~ PORT N ~~~~~~~~~~~~~~~~~~
  162 00000000 400643FC 
                       GPIO_PORTN_DATA_R
                               EQU              0x400643FC



ARM Macro Assembler    Page 8 


  163 00000000 40064400 
                       GPIO_PORTN_DIR_R
                               EQU              0x40064400
  164 00000000 40064420 
                       GPIO_PORTN_AFSEL_R
                               EQU              0x40064420
  165 00000000 40064510 
                       GPIO_PORTN_PUR_R
                               EQU              0x40064510
  166 00000000 4006451C 
                       GPIO_PORTN_DEN_R
                               EQU              0x4006451C
  167 00000000 40064520 
                       GPIO_PORTN_LOCK_R
                               EQU              0x40064520
  168 00000000 40064524 
                       GPIO_PORTN_CR_R
                               EQU              0x40064524
  169 00000000 40064528 
                       GPIO_PORTN_AMSEL_R
                               EQU              0x40064528
  170 00000000 4006452C 
                       GPIO_PORTN_PCTL_R
                               EQU              0x4006452C
  171 00000000 00001000 
                       GPIO_PORTN
                               EQU              2_001000000000000
  172 00000000         
  173 00000000         ; ~~~~~~~~~~~~~~~~ PORT P ~~~~~~~~~~~~~~~~~~
  174 00000000 400653FC 
                       GPIO_PORTP_DATA_R
                               EQU              0x400653FC
  175 00000000 40065400 
                       GPIO_PORTP_DIR_R
                               EQU              0x40065400
  176 00000000 40065420 
                       GPIO_PORTP_AFSEL_R
                               EQU              0x40065420
  177 00000000 40065510 
                       GPIO_PORTP_PUR_R
                               EQU              0x40065510
  178 00000000 4006551C 
                       GPIO_PORTP_DEN_R
                               EQU              0x4006551C
  179 00000000 40065520 
                       GPIO_PORTP_LOCK_R
                               EQU              0x40065520
  180 00000000 40065524 
                       GPIO_PORTP_CR_R
                               EQU              0x40065524
  181 00000000 40065528 
                       GPIO_PORTP_AMSEL_R
                               EQU              0x40065528
  182 00000000 4006552C 
                       GPIO_PORTP_PCTL_R
                               EQU              0x4006552C
  183 00000000 00002000 
                       GPIO_PORTP
                               EQU              2_010000000000000



ARM Macro Assembler    Page 9 


  184 00000000         
  185 00000000         ; ~~~~~~~~~~~~~~~~ PORT Q ~~~~~~~~~~~~~~~~~~
  186 00000000 400663FC 
                       GPIO_PORTQ_DATA_R
                               EQU              0x400663FC
  187 00000000 40066400 
                       GPIO_PORTQ_DIR_R
                               EQU              0x40066400
  188 00000000 40066420 
                       GPIO_PORTQ_AFSEL_R
                               EQU              0x40066420
  189 00000000 40066510 
                       GPIO_PORTQ_PUR_R
                               EQU              0x40066510
  190 00000000 4006651C 
                       GPIO_PORTQ_DEN_R
                               EQU              0x4006651C
  191 00000000 40066520 
                       GPIO_PORTQ_LOCK_R
                               EQU              0x40066520
  192 00000000 40066524 
                       GPIO_PORTQ_CR_R
                               EQU              0x40066524
  193 00000000 40066528 
                       GPIO_PORTQ_AMSEL_R
                               EQU              0x40066528
  194 00000000 4006652C 
                       GPIO_PORTQ_PCTL_R
                               EQU              0x4006652C
  195 00000000 00004000 
                       GPIO_PORTQ
                               EQU              2_100000000000000
  196 00000000 20000B00 
                       TECLADO_PRESS_ADDR
                               EQU              0x20000B00
  197 00000000         
  198 00000000         ; ===========================================
  199 00000000         ; ------------------------------------------------------
                       -------------------------
  200 00000000         ; Area de Codigo - Tudo abaixo da diretiva a seguir sera
                        armazenado na memoria de
  201 00000000         ;                  codigo
  202 00000000                 AREA             |.text|, CODE, READONLY, ALIGN=
2
  203 00000000         
  204 00000000         ; Se alguma funcao do arquivo for chamada em outro arqui
                       vo
  205 00000000                 EXPORT           TecladoM_Poll
  206 00000000         
  207 00000000         ; ------------------------------------------------------
                       -------------------------
  208 00000000         ; Funcao TecladoM_Poll
  209 00000000         ; Retorna o digito da 1a tecla pressionada. Pinos L0-L3 
                       sao entrada e M4-M7 sao saida.
  210 00000000         ; Saida: R1 -> Valor da tecla pressionada (0xF se nenhum
                       a for pressionada)
  211 00000000         TecladoM_Poll
  212 00000000 F04F 0280       MOV              R2, #2_10000000
  213 00000004         



ARM Macro Assembler    Page 10 


  214 00000004         loop_columns
  215 00000004 F04F 0110       MOV              R1, #0x10   ; Seta a saida para
                                                             10 pois a tecla 10
                                                             nao existe
  216 00000008 2A08            CMP              R2, #2_00001000
  217 0000000A D94A            BLS              teclado_retorno
  218 0000000C         
  219 0000000C 4827            LDR              R0, =GPIO_PORTM_DATA_R ; Habili
                                                            ta o Pino de R2
  220 0000000E 6002            STR              R2, [R0]
  221 00000010         
  222 00000010 4827            LDR              R0, =GPIO_PORTL_DATA_R 
                                                            ; Leitura dos dados
                                                            
  223 00000012 6801            LDR              R1, [R0]
  224 00000014         
  225 00000014         ; Verifica se alguma tecla foi apertada e retorna
  226 00000014 2908            CMP              R1, #2_1000 ; Verifica se o pin
                                                            o L3 esta ativo (te
                                                            clas *, 0, # e D)
  227 00000016 D008            BEQ              teclado_decode
  228 00000018         
  229 00000018 2904            CMP              R1, #2_0100 ; Verifica se o pin
                                                            o L2 esta ativo (te
                                                            clas 7, 8, 9 e C)
  230 0000001A D006            BEQ              teclado_decode
  231 0000001C         
  232 0000001C 2902            CMP              R1, #2_0010 ; Verifica se o pin
                                                            o L1 esta ativo (te
                                                            clas 4, 5, 6 e B)
  233 0000001E D004            BEQ              teclado_decode
  234 00000020         
  235 00000020 2901            CMP              R1, #2_0001 ; Verifica se o pin
                                                            o L0 esta ativo (te
                                                            clas 1, 2, 3 e A)
  236 00000022 D002            BEQ              teclado_decode
  237 00000024         
  238 00000024 EA4F 0252       LSR              R2, R2, #1
  239 00000028 E7EC            B                loop_columns
  240 0000002A         
  241 0000002A         teclado_decode
  242 0000002A         ; Decodifica a relacao coluna-linha para determinar qual
                        tecla foi pressionada
  243 0000002A 2A10            CMP              R2, #2_00010000
  244 0000002C D005            BEQ              decode_coluna_1
  245 0000002E         
  246 0000002E 2A20            CMP              R2, #2_00100000
  247 00000030 D010            BEQ              decode_coluna_2
  248 00000032         
  249 00000032 2A40            CMP              R2, #2_01000000
  250 00000034 D01B            BEQ              decode_coluna_3
  251 00000036         
  252 00000036 2A80            CMP              R2, #2_10000000
  253 00000038 D026            BEQ              decode_coluna_4
  254 0000003A         
  255 0000003A         decode_coluna_1
  256 0000003A 2908            CMP              R1, #2_1000 ; Tecla *
  257 0000003C BF08            IT               EQ
  258 0000003E 212A            MOVEQ            R1, #2_00101010



ARM Macro Assembler    Page 11 


  259 00000040         
  260 00000040 2904            CMP              R1, #2_0100 ; Tecla 7
  261 00000042 BF08            IT               EQ
  262 00000044 2137            MOVEQ            R1, #0x37
  263 00000046         
  264 00000046 2902            CMP              R1, #2_0010 ; Tecla 4
  265 00000048 BF08            IT               EQ
  266 0000004A 2134            MOVEQ            R1, #0x34
  267 0000004C         
  268 0000004C 2901            CMP              R1, #2_0001 ; Tecla 1
  269 0000004E BF08            IT               EQ
  270 00000050 2131            MOVEQ            R1, #0x31
  271 00000052         
  272 00000052 E026            B                teclado_retorno
  273 00000054         
  274 00000054         decode_coluna_2
  275 00000054 2908            CMP              R1, #2_1000 ; Tecla 0
  276 00000056 BF08            IT               EQ
  277 00000058 2130            MOVEQ            R1, #0x30
  278 0000005A         
  279 0000005A 2904            CMP              R1, #2_0100 ; Tecla 8
  280 0000005C BF08            IT               EQ
  281 0000005E 2138            MOVEQ            R1, #0x38
  282 00000060         
  283 00000060 2902            CMP              R1, #2_0010 ; Tecla 5
  284 00000062 BF08            IT               EQ
  285 00000064 2135            MOVEQ            R1, #0x35
  286 00000066         
  287 00000066 2901            CMP              R1, #2_0001 ; Tecla 2
  288 00000068 BF08            IT               EQ
  289 0000006A 2132            MOVEQ            R1, #0x32
  290 0000006C         
  291 0000006C E019            B                teclado_retorno
  292 0000006E         
  293 0000006E         decode_coluna_3
  294 0000006E 2908            CMP              R1, #2_1000 ; Tecla #
  295 00000070 BF08            IT               EQ
  296 00000072 2123            MOVEQ            R1, #2_00100011
  297 00000074         
  298 00000074 2904            CMP              R1, #2_0100 ; Tecla 9
  299 00000076 BF08            IT               EQ
  300 00000078 2139            MOVEQ            R1, #0x39
  301 0000007A         
  302 0000007A 2902            CMP              R1, #2_0010 ; Tecla 6
  303 0000007C BF08            IT               EQ
  304 0000007E 2136            MOVEQ            R1, #0x36
  305 00000080         
  306 00000080 2901            CMP              R1, #2_0001 ; Tecla 3
  307 00000082 BF08            IT               EQ
  308 00000084 2133            MOVEQ            R1, #0x33
  309 00000086         
  310 00000086 E00C            B                teclado_retorno
  311 00000088         
  312 00000088         decode_coluna_4
  313 00000088 2908            CMP              R1, #2_1000 ; Tecla D
  314 0000008A BF08            IT               EQ
  315 0000008C 2144            MOVEQ            R1, #2_01000100
  316 0000008E         
  317 0000008E 2904            CMP              R1, #2_0100 ; Tecla C



ARM Macro Assembler    Page 12 


  318 00000090 BF08            IT               EQ
  319 00000092 2143            MOVEQ            R1, #2_01000011
  320 00000094         
  321 00000094 2902            CMP              R1, #2_0010 ; Tecla B
  322 00000096 BF08            IT               EQ
  323 00000098 2142            MOVEQ            R1, #2_01000010
  324 0000009A         
  325 0000009A 2901            CMP              R1, #2_0001 ; Tecla A
  326 0000009C BF08            IT               EQ
  327 0000009E 2141            MOVEQ            R1, #2_01000001
  328 000000A0         
  329 000000A0 E7FF            B                teclado_retorno
  330 000000A2         
  331 000000A2         teclado_retorno
  332 000000A2 4804            LDR              R0, =TECLADO_PRESS_ADDR ; Sinal
                                                            a que um botão foi
                                                             clicado
  333 000000A4 F04F 0201       MOV              R2, #1
  334 000000A8 6002            STR              R2, [R0]
  335 000000AA         
  336 000000AA 4770            BX               LR          ; Retorno
  337 000000AC         
  338 000000AC                 ALIGN                        ;Garante que o fim 
                                                            da secao esta alinh
                                                            ada
  339 000000AC                 END                          ;Fim do arquivo
              400633FC 
              400623FC 
              20000B00 
Command Line: --debug --xref --diag_suppress=9931,A1950W --cpu=Cortex-M4.fp.sp 
--depend=.\objects\matricial.d -o.\objects\matricial.o -IC:\Users\lucas\AppData
\Local\arm\packs\Keil\TM4C_DFP\1.1.0\Device\Include\TM4C129 --predefine="__EVAL
 SETA 1" --predefine="__UVISION_VERSION SETA 542" --predefine="TM4C129ENCPDT SE
TA 1" --list=.\listings\matricial.lst matricial.s



ARM Macro Assembler    Page 1 Alphabetic symbol ordering
Relocatable symbols

.text 00000000

Symbol: .text
   Definitions
      At line 202 in file matricial.s
   Uses
      None
Comment: .text unused
TecladoM_Poll 00000000

Symbol: TecladoM_Poll
   Definitions
      At line 211 in file matricial.s
   Uses
      At line 205 in file matricial.s
Comment: TecladoM_Poll used once
decode_coluna_1 0000003A

Symbol: decode_coluna_1
   Definitions
      At line 255 in file matricial.s
   Uses
      At line 244 in file matricial.s
Comment: decode_coluna_1 used once
decode_coluna_2 00000054

Symbol: decode_coluna_2
   Definitions
      At line 274 in file matricial.s
   Uses
      At line 247 in file matricial.s
Comment: decode_coluna_2 used once
decode_coluna_3 0000006E

Symbol: decode_coluna_3
   Definitions
      At line 293 in file matricial.s
   Uses
      At line 250 in file matricial.s
Comment: decode_coluna_3 used once
decode_coluna_4 00000088

Symbol: decode_coluna_4
   Definitions
      At line 312 in file matricial.s
   Uses
      At line 253 in file matricial.s
Comment: decode_coluna_4 used once
loop_columns 00000004

Symbol: loop_columns
   Definitions
      At line 214 in file matricial.s
   Uses
      At line 239 in file matricial.s
Comment: loop_columns used once
teclado_decode 0000002A

Symbol: teclado_decode



ARM Macro Assembler    Page 2 Alphabetic symbol ordering
Relocatable symbols

   Definitions
      At line 241 in file matricial.s
   Uses
      At line 227 in file matricial.s
      At line 230 in file matricial.s
      At line 233 in file matricial.s
      At line 236 in file matricial.s

teclado_retorno 000000A2

Symbol: teclado_retorno
   Definitions
      At line 331 in file matricial.s
   Uses
      At line 217 in file matricial.s
      At line 272 in file matricial.s
      At line 291 in file matricial.s
      At line 310 in file matricial.s
      At line 329 in file matricial.s

9 symbols



ARM Macro Assembler    Page 1 Alphabetic symbol ordering
Absolute symbols

GPIO_PORTA 00000001

Symbol: GPIO_PORTA
   Definitions
      At line 26 in file matricial.s
   Uses
      None
Comment: GPIO_PORTA unused
GPIO_PORTA_AHB_AFSEL_R 40058420

Symbol: GPIO_PORTA_AHB_AFSEL_R
   Definitions
      At line 22 in file matricial.s
   Uses
      None
Comment: GPIO_PORTA_AHB_AFSEL_R unused
GPIO_PORTA_AHB_AMSEL_R 40058528

Symbol: GPIO_PORTA_AHB_AMSEL_R
   Definitions
      At line 19 in file matricial.s
   Uses
      None
Comment: GPIO_PORTA_AHB_AMSEL_R unused
GPIO_PORTA_AHB_CR_R 40058524

Symbol: GPIO_PORTA_AHB_CR_R
   Definitions
      At line 18 in file matricial.s
   Uses
      None
Comment: GPIO_PORTA_AHB_CR_R unused
GPIO_PORTA_AHB_DATA_R 400583FC

Symbol: GPIO_PORTA_AHB_DATA_R
   Definitions
      At line 25 in file matricial.s
   Uses
      None
Comment: GPIO_PORTA_AHB_DATA_R unused
GPIO_PORTA_AHB_DEN_R 4005851C

Symbol: GPIO_PORTA_AHB_DEN_R
   Definitions
      At line 23 in file matricial.s
   Uses
      None
Comment: GPIO_PORTA_AHB_DEN_R unused
GPIO_PORTA_AHB_DIR_R 40058400

Symbol: GPIO_PORTA_AHB_DIR_R
   Definitions
      At line 21 in file matricial.s
   Uses
      None
Comment: GPIO_PORTA_AHB_DIR_R unused
GPIO_PORTA_AHB_LOCK_R 40058520

Symbol: GPIO_PORTA_AHB_LOCK_R



ARM Macro Assembler    Page 2 Alphabetic symbol ordering
Absolute symbols

   Definitions
      At line 17 in file matricial.s
   Uses
      None
Comment: GPIO_PORTA_AHB_LOCK_R unused
GPIO_PORTA_AHB_PCTL_R 4005852C

Symbol: GPIO_PORTA_AHB_PCTL_R
   Definitions
      At line 20 in file matricial.s
   Uses
      None
Comment: GPIO_PORTA_AHB_PCTL_R unused
GPIO_PORTA_AHB_PUR_R 40058510

Symbol: GPIO_PORTA_AHB_PUR_R
   Definitions
      At line 24 in file matricial.s
   Uses
      None
Comment: GPIO_PORTA_AHB_PUR_R unused
GPIO_PORTB 00000002

Symbol: GPIO_PORTB
   Definitions
      At line 38 in file matricial.s
   Uses
      None
Comment: GPIO_PORTB unused
GPIO_PORTB_AHB_AFSEL_R 40059420

Symbol: GPIO_PORTB_AHB_AFSEL_R
   Definitions
      At line 31 in file matricial.s
   Uses
      None
Comment: GPIO_PORTB_AHB_AFSEL_R unused
GPIO_PORTB_AHB_AMSEL_R 40059528

Symbol: GPIO_PORTB_AHB_AMSEL_R
   Definitions
      At line 36 in file matricial.s
   Uses
      None
Comment: GPIO_PORTB_AHB_AMSEL_R unused
GPIO_PORTB_AHB_CR_R 40059524

Symbol: GPIO_PORTB_AHB_CR_R
   Definitions
      At line 35 in file matricial.s
   Uses
      None
Comment: GPIO_PORTB_AHB_CR_R unused
GPIO_PORTB_AHB_DATA_R 400593FC

Symbol: GPIO_PORTB_AHB_DATA_R
   Definitions
      At line 29 in file matricial.s
   Uses



ARM Macro Assembler    Page 3 Alphabetic symbol ordering
Absolute symbols

      None
Comment: GPIO_PORTB_AHB_DATA_R unused
GPIO_PORTB_AHB_DEN_R 4005951C

Symbol: GPIO_PORTB_AHB_DEN_R
   Definitions
      At line 33 in file matricial.s
   Uses
      None
Comment: GPIO_PORTB_AHB_DEN_R unused
GPIO_PORTB_AHB_DIR_R 40059400

Symbol: GPIO_PORTB_AHB_DIR_R
   Definitions
      At line 30 in file matricial.s
   Uses
      None
Comment: GPIO_PORTB_AHB_DIR_R unused
GPIO_PORTB_AHB_LOCK_R 40059520

Symbol: GPIO_PORTB_AHB_LOCK_R
   Definitions
      At line 34 in file matricial.s
   Uses
      None
Comment: GPIO_PORTB_AHB_LOCK_R unused
GPIO_PORTB_AHB_PCTL_R 4005952C

Symbol: GPIO_PORTB_AHB_PCTL_R
   Definitions
      At line 37 in file matricial.s
   Uses
      None
Comment: GPIO_PORTB_AHB_PCTL_R unused
GPIO_PORTB_AHB_PUR_R 40059510

Symbol: GPIO_PORTB_AHB_PUR_R
   Definitions
      At line 32 in file matricial.s
   Uses
      None
Comment: GPIO_PORTB_AHB_PUR_R unused
GPIO_PORTC 00000004

Symbol: GPIO_PORTC
   Definitions
      At line 50 in file matricial.s
   Uses
      None
Comment: GPIO_PORTC unused
GPIO_PORTC_AHB_AFSEL_R 4005A420

Symbol: GPIO_PORTC_AHB_AFSEL_R
   Definitions
      At line 43 in file matricial.s
   Uses
      None
Comment: GPIO_PORTC_AHB_AFSEL_R unused
GPIO_PORTC_AHB_AMSEL_R 4005A528



ARM Macro Assembler    Page 4 Alphabetic symbol ordering
Absolute symbols


Symbol: GPIO_PORTC_AHB_AMSEL_R
   Definitions
      At line 48 in file matricial.s
   Uses
      None
Comment: GPIO_PORTC_AHB_AMSEL_R unused
GPIO_PORTC_AHB_CR_R 4005A524

Symbol: GPIO_PORTC_AHB_CR_R
   Definitions
      At line 47 in file matricial.s
   Uses
      None
Comment: GPIO_PORTC_AHB_CR_R unused
GPIO_PORTC_AHB_DATA_R 4005A3FC

Symbol: GPIO_PORTC_AHB_DATA_R
   Definitions
      At line 41 in file matricial.s
   Uses
      None
Comment: GPIO_PORTC_AHB_DATA_R unused
GPIO_PORTC_AHB_DEN_R 4005A51C

Symbol: GPIO_PORTC_AHB_DEN_R
   Definitions
      At line 45 in file matricial.s
   Uses
      None
Comment: GPIO_PORTC_AHB_DEN_R unused
GPIO_PORTC_AHB_DIR_R 4005A400

Symbol: GPIO_PORTC_AHB_DIR_R
   Definitions
      At line 42 in file matricial.s
   Uses
      None
Comment: GPIO_PORTC_AHB_DIR_R unused
GPIO_PORTC_AHB_LOCK_R 4005A520

Symbol: GPIO_PORTC_AHB_LOCK_R
   Definitions
      At line 46 in file matricial.s
   Uses
      None
Comment: GPIO_PORTC_AHB_LOCK_R unused
GPIO_PORTC_AHB_PCTL_R 4005A52C

Symbol: GPIO_PORTC_AHB_PCTL_R
   Definitions
      At line 49 in file matricial.s
   Uses
      None
Comment: GPIO_PORTC_AHB_PCTL_R unused
GPIO_PORTC_AHB_PUR_R 4005A510

Symbol: GPIO_PORTC_AHB_PUR_R
   Definitions



ARM Macro Assembler    Page 5 Alphabetic symbol ordering
Absolute symbols

      At line 44 in file matricial.s
   Uses
      None
Comment: GPIO_PORTC_AHB_PUR_R unused
GPIO_PORTD 00000008

Symbol: GPIO_PORTD
   Definitions
      At line 62 in file matricial.s
   Uses
      None
Comment: GPIO_PORTD unused
GPIO_PORTD_AHB_AFSEL_R 4005B420

Symbol: GPIO_PORTD_AHB_AFSEL_R
   Definitions
      At line 55 in file matricial.s
   Uses
      None
Comment: GPIO_PORTD_AHB_AFSEL_R unused
GPIO_PORTD_AHB_AMSEL_R 4005B528

Symbol: GPIO_PORTD_AHB_AMSEL_R
   Definitions
      At line 60 in file matricial.s
   Uses
      None
Comment: GPIO_PORTD_AHB_AMSEL_R unused
GPIO_PORTD_AHB_CR_R 4005B524

Symbol: GPIO_PORTD_AHB_CR_R
   Definitions
      At line 59 in file matricial.s
   Uses
      None
Comment: GPIO_PORTD_AHB_CR_R unused
GPIO_PORTD_AHB_DATA_R 4005B3FC

Symbol: GPIO_PORTD_AHB_DATA_R
   Definitions
      At line 53 in file matricial.s
   Uses
      None
Comment: GPIO_PORTD_AHB_DATA_R unused
GPIO_PORTD_AHB_DEN_R 4005B51C

Symbol: GPIO_PORTD_AHB_DEN_R
   Definitions
      At line 57 in file matricial.s
   Uses
      None
Comment: GPIO_PORTD_AHB_DEN_R unused
GPIO_PORTD_AHB_DIR_R 4005B400

Symbol: GPIO_PORTD_AHB_DIR_R
   Definitions
      At line 54 in file matricial.s
   Uses
      None



ARM Macro Assembler    Page 6 Alphabetic symbol ordering
Absolute symbols

Comment: GPIO_PORTD_AHB_DIR_R unused
GPIO_PORTD_AHB_LOCK_R 4005B520

Symbol: GPIO_PORTD_AHB_LOCK_R
   Definitions
      At line 58 in file matricial.s
   Uses
      None
Comment: GPIO_PORTD_AHB_LOCK_R unused
GPIO_PORTD_AHB_PCTL_R 4005B52C

Symbol: GPIO_PORTD_AHB_PCTL_R
   Definitions
      At line 61 in file matricial.s
   Uses
      None
Comment: GPIO_PORTD_AHB_PCTL_R unused
GPIO_PORTD_AHB_PUR_R 4005B510

Symbol: GPIO_PORTD_AHB_PUR_R
   Definitions
      At line 56 in file matricial.s
   Uses
      None
Comment: GPIO_PORTD_AHB_PUR_R unused
GPIO_PORTE 00000010

Symbol: GPIO_PORTE
   Definitions
      At line 74 in file matricial.s
   Uses
      None
Comment: GPIO_PORTE unused
GPIO_PORTE_AHB_AFSEL_R 4005C420

Symbol: GPIO_PORTE_AHB_AFSEL_R
   Definitions
      At line 67 in file matricial.s
   Uses
      None
Comment: GPIO_PORTE_AHB_AFSEL_R unused
GPIO_PORTE_AHB_AMSEL_R 4005C528

Symbol: GPIO_PORTE_AHB_AMSEL_R
   Definitions
      At line 72 in file matricial.s
   Uses
      None
Comment: GPIO_PORTE_AHB_AMSEL_R unused
GPIO_PORTE_AHB_CR_R 4005C524

Symbol: GPIO_PORTE_AHB_CR_R
   Definitions
      At line 71 in file matricial.s
   Uses
      None
Comment: GPIO_PORTE_AHB_CR_R unused
GPIO_PORTE_AHB_DATA_R 4005C3FC




ARM Macro Assembler    Page 7 Alphabetic symbol ordering
Absolute symbols

Symbol: GPIO_PORTE_AHB_DATA_R
   Definitions
      At line 65 in file matricial.s
   Uses
      None
Comment: GPIO_PORTE_AHB_DATA_R unused
GPIO_PORTE_AHB_DEN_R 4005C51C

Symbol: GPIO_PORTE_AHB_DEN_R
   Definitions
      At line 69 in file matricial.s
   Uses
      None
Comment: GPIO_PORTE_AHB_DEN_R unused
GPIO_PORTE_AHB_DIR_R 4005C400

Symbol: GPIO_PORTE_AHB_DIR_R
   Definitions
      At line 66 in file matricial.s
   Uses
      None
Comment: GPIO_PORTE_AHB_DIR_R unused
GPIO_PORTE_AHB_LOCK_R 4005C520

Symbol: GPIO_PORTE_AHB_LOCK_R
   Definitions
      At line 70 in file matricial.s
   Uses
      None
Comment: GPIO_PORTE_AHB_LOCK_R unused
GPIO_PORTE_AHB_PCTL_R 4005C52C

Symbol: GPIO_PORTE_AHB_PCTL_R
   Definitions
      At line 73 in file matricial.s
   Uses
      None
Comment: GPIO_PORTE_AHB_PCTL_R unused
GPIO_PORTE_AHB_PUR_R 4005C510

Symbol: GPIO_PORTE_AHB_PUR_R
   Definitions
      At line 68 in file matricial.s
   Uses
      None
Comment: GPIO_PORTE_AHB_PUR_R unused
GPIO_PORTF 00000020

Symbol: GPIO_PORTF
   Definitions
      At line 86 in file matricial.s
   Uses
      None
Comment: GPIO_PORTF unused
GPIO_PORTF_AHB_AFSEL_R 4005D420

Symbol: GPIO_PORTF_AHB_AFSEL_R
   Definitions
      At line 79 in file matricial.s



ARM Macro Assembler    Page 8 Alphabetic symbol ordering
Absolute symbols

   Uses
      None
Comment: GPIO_PORTF_AHB_AFSEL_R unused
GPIO_PORTF_AHB_AMSEL_R 4005D528

Symbol: GPIO_PORTF_AHB_AMSEL_R
   Definitions
      At line 84 in file matricial.s
   Uses
      None
Comment: GPIO_PORTF_AHB_AMSEL_R unused
GPIO_PORTF_AHB_CR_R 4005D524

Symbol: GPIO_PORTF_AHB_CR_R
   Definitions
      At line 83 in file matricial.s
   Uses
      None
Comment: GPIO_PORTF_AHB_CR_R unused
GPIO_PORTF_AHB_DATA_R 4005D3FC

Symbol: GPIO_PORTF_AHB_DATA_R
   Definitions
      At line 77 in file matricial.s
   Uses
      None
Comment: GPIO_PORTF_AHB_DATA_R unused
GPIO_PORTF_AHB_DEN_R 4005D51C

Symbol: GPIO_PORTF_AHB_DEN_R
   Definitions
      At line 81 in file matricial.s
   Uses
      None
Comment: GPIO_PORTF_AHB_DEN_R unused
GPIO_PORTF_AHB_DIR_R 4005D400

Symbol: GPIO_PORTF_AHB_DIR_R
   Definitions
      At line 78 in file matricial.s
   Uses
      None
Comment: GPIO_PORTF_AHB_DIR_R unused
GPIO_PORTF_AHB_LOCK_R 4005D520

Symbol: GPIO_PORTF_AHB_LOCK_R
   Definitions
      At line 82 in file matricial.s
   Uses
      None
Comment: GPIO_PORTF_AHB_LOCK_R unused
GPIO_PORTF_AHB_PCTL_R 4005D52C

Symbol: GPIO_PORTF_AHB_PCTL_R
   Definitions
      At line 85 in file matricial.s
   Uses
      None
Comment: GPIO_PORTF_AHB_PCTL_R unused



ARM Macro Assembler    Page 9 Alphabetic symbol ordering
Absolute symbols

GPIO_PORTF_AHB_PUR_R 4005D510

Symbol: GPIO_PORTF_AHB_PUR_R
   Definitions
      At line 80 in file matricial.s
   Uses
      None
Comment: GPIO_PORTF_AHB_PUR_R unused
GPIO_PORTG 00000040

Symbol: GPIO_PORTG
   Definitions
      At line 98 in file matricial.s
   Uses
      None
Comment: GPIO_PORTG unused
GPIO_PORTG_AHB_AFSEL_R 4005E420

Symbol: GPIO_PORTG_AHB_AFSEL_R
   Definitions
      At line 91 in file matricial.s
   Uses
      None
Comment: GPIO_PORTG_AHB_AFSEL_R unused
GPIO_PORTG_AHB_AMSEL_R 4005E528

Symbol: GPIO_PORTG_AHB_AMSEL_R
   Definitions
      At line 96 in file matricial.s
   Uses
      None
Comment: GPIO_PORTG_AHB_AMSEL_R unused
GPIO_PORTG_AHB_CR_R 4005E524

Symbol: GPIO_PORTG_AHB_CR_R
   Definitions
      At line 95 in file matricial.s
   Uses
      None
Comment: GPIO_PORTG_AHB_CR_R unused
GPIO_PORTG_AHB_DATA_R 4005E3FC

Symbol: GPIO_PORTG_AHB_DATA_R
   Definitions
      At line 89 in file matricial.s
   Uses
      None
Comment: GPIO_PORTG_AHB_DATA_R unused
GPIO_PORTG_AHB_DEN_R 4005E51C

Symbol: GPIO_PORTG_AHB_DEN_R
   Definitions
      At line 93 in file matricial.s
   Uses
      None
Comment: GPIO_PORTG_AHB_DEN_R unused
GPIO_PORTG_AHB_DIR_R 4005E400

Symbol: GPIO_PORTG_AHB_DIR_R



ARM Macro Assembler    Page 10 Alphabetic symbol ordering
Absolute symbols

   Definitions
      At line 90 in file matricial.s
   Uses
      None
Comment: GPIO_PORTG_AHB_DIR_R unused
GPIO_PORTG_AHB_LOCK_R 4005E520

Symbol: GPIO_PORTG_AHB_LOCK_R
   Definitions
      At line 94 in file matricial.s
   Uses
      None
Comment: GPIO_PORTG_AHB_LOCK_R unused
GPIO_PORTG_AHB_PCTL_R 4005E52C

Symbol: GPIO_PORTG_AHB_PCTL_R
   Definitions
      At line 97 in file matricial.s
   Uses
      None
Comment: GPIO_PORTG_AHB_PCTL_R unused
GPIO_PORTG_AHB_PUR_R 4005E510

Symbol: GPIO_PORTG_AHB_PUR_R
   Definitions
      At line 92 in file matricial.s
   Uses
      None
Comment: GPIO_PORTG_AHB_PUR_R unused
GPIO_PORTH 00000080

Symbol: GPIO_PORTH
   Definitions
      At line 110 in file matricial.s
   Uses
      None
Comment: GPIO_PORTH unused
GPIO_PORTH_AHB_AFSEL_R 4005F420

Symbol: GPIO_PORTH_AHB_AFSEL_R
   Definitions
      At line 103 in file matricial.s
   Uses
      None
Comment: GPIO_PORTH_AHB_AFSEL_R unused
GPIO_PORTH_AHB_AMSEL_R 4005F528

Symbol: GPIO_PORTH_AHB_AMSEL_R
   Definitions
      At line 108 in file matricial.s
   Uses
      None
Comment: GPIO_PORTH_AHB_AMSEL_R unused
GPIO_PORTH_AHB_CR_R 4005F524

Symbol: GPIO_PORTH_AHB_CR_R
   Definitions
      At line 107 in file matricial.s
   Uses



ARM Macro Assembler    Page 11 Alphabetic symbol ordering
Absolute symbols

      None
Comment: GPIO_PORTH_AHB_CR_R unused
GPIO_PORTH_AHB_DATA_R 4005F3FC

Symbol: GPIO_PORTH_AHB_DATA_R
   Definitions
      At line 101 in file matricial.s
   Uses
      None
Comment: GPIO_PORTH_AHB_DATA_R unused
GPIO_PORTH_AHB_DEN_R 4005F51C

Symbol: GPIO_PORTH_AHB_DEN_R
   Definitions
      At line 105 in file matricial.s
   Uses
      None
Comment: GPIO_PORTH_AHB_DEN_R unused
GPIO_PORTH_AHB_DIR_R 4005F400

Symbol: GPIO_PORTH_AHB_DIR_R
   Definitions
      At line 102 in file matricial.s
   Uses
      None
Comment: GPIO_PORTH_AHB_DIR_R unused
GPIO_PORTH_AHB_LOCK_R 4005F520

Symbol: GPIO_PORTH_AHB_LOCK_R
   Definitions
      At line 106 in file matricial.s
   Uses
      None
Comment: GPIO_PORTH_AHB_LOCK_R unused
GPIO_PORTH_AHB_PCTL_R 4005F52C

Symbol: GPIO_PORTH_AHB_PCTL_R
   Definitions
      At line 109 in file matricial.s
   Uses
      None
Comment: GPIO_PORTH_AHB_PCTL_R unused
GPIO_PORTH_AHB_PUR_R 4005F510

Symbol: GPIO_PORTH_AHB_PUR_R
   Definitions
      At line 104 in file matricial.s
   Uses
      None
Comment: GPIO_PORTH_AHB_PUR_R unused
GPIO_PORTJ 00000100

Symbol: GPIO_PORTJ
   Definitions
      At line 122 in file matricial.s
   Uses
      None
Comment: GPIO_PORTJ unused
GPIO_PORTJ_AHB_AFSEL_R 40060420



ARM Macro Assembler    Page 12 Alphabetic symbol ordering
Absolute symbols


Symbol: GPIO_PORTJ_AHB_AFSEL_R
   Definitions
      At line 115 in file matricial.s
   Uses
      None
Comment: GPIO_PORTJ_AHB_AFSEL_R unused
GPIO_PORTJ_AHB_AMSEL_R 40060528

Symbol: GPIO_PORTJ_AHB_AMSEL_R
   Definitions
      At line 120 in file matricial.s
   Uses
      None
Comment: GPIO_PORTJ_AHB_AMSEL_R unused
GPIO_PORTJ_AHB_CR_R 40060524

Symbol: GPIO_PORTJ_AHB_CR_R
   Definitions
      At line 119 in file matricial.s
   Uses
      None
Comment: GPIO_PORTJ_AHB_CR_R unused
GPIO_PORTJ_AHB_DATA_R 400603FC

Symbol: GPIO_PORTJ_AHB_DATA_R
   Definitions
      At line 113 in file matricial.s
   Uses
      None
Comment: GPIO_PORTJ_AHB_DATA_R unused
GPIO_PORTJ_AHB_DEN_R 4006051C

Symbol: GPIO_PORTJ_AHB_DEN_R
   Definitions
      At line 117 in file matricial.s
   Uses
      None
Comment: GPIO_PORTJ_AHB_DEN_R unused
GPIO_PORTJ_AHB_DIR_R 40060400

Symbol: GPIO_PORTJ_AHB_DIR_R
   Definitions
      At line 114 in file matricial.s
   Uses
      None
Comment: GPIO_PORTJ_AHB_DIR_R unused
GPIO_PORTJ_AHB_LOCK_R 40060520

Symbol: GPIO_PORTJ_AHB_LOCK_R
   Definitions
      At line 118 in file matricial.s
   Uses
      None
Comment: GPIO_PORTJ_AHB_LOCK_R unused
GPIO_PORTJ_AHB_PCTL_R 4006052C

Symbol: GPIO_PORTJ_AHB_PCTL_R
   Definitions



ARM Macro Assembler    Page 13 Alphabetic symbol ordering
Absolute symbols

      At line 121 in file matricial.s
   Uses
      None
Comment: GPIO_PORTJ_AHB_PCTL_R unused
GPIO_PORTJ_AHB_PUR_R 40060510

Symbol: GPIO_PORTJ_AHB_PUR_R
   Definitions
      At line 116 in file matricial.s
   Uses
      None
Comment: GPIO_PORTJ_AHB_PUR_R unused
GPIO_PORTK 00000200

Symbol: GPIO_PORTK
   Definitions
      At line 134 in file matricial.s
   Uses
      None
Comment: GPIO_PORTK unused
GPIO_PORTK_AFSEL_R 40061420

Symbol: GPIO_PORTK_AFSEL_R
   Definitions
      At line 127 in file matricial.s
   Uses
      None
Comment: GPIO_PORTK_AFSEL_R unused
GPIO_PORTK_AMSEL_R 40061528

Symbol: GPIO_PORTK_AMSEL_R
   Definitions
      At line 132 in file matricial.s
   Uses
      None
Comment: GPIO_PORTK_AMSEL_R unused
GPIO_PORTK_CR_R 40061524

Symbol: GPIO_PORTK_CR_R
   Definitions
      At line 131 in file matricial.s
   Uses
      None
Comment: GPIO_PORTK_CR_R unused
GPIO_PORTK_DATA_R 400613FC

Symbol: GPIO_PORTK_DATA_R
   Definitions
      At line 125 in file matricial.s
   Uses
      None
Comment: GPIO_PORTK_DATA_R unused
GPIO_PORTK_DEN_R 4006151C

Symbol: GPIO_PORTK_DEN_R
   Definitions
      At line 129 in file matricial.s
   Uses
      None



ARM Macro Assembler    Page 14 Alphabetic symbol ordering
Absolute symbols

Comment: GPIO_PORTK_DEN_R unused
GPIO_PORTK_DIR_R 40061400

Symbol: GPIO_PORTK_DIR_R
   Definitions
      At line 126 in file matricial.s
   Uses
      None
Comment: GPIO_PORTK_DIR_R unused
GPIO_PORTK_LOCK_R 40061520

Symbol: GPIO_PORTK_LOCK_R
   Definitions
      At line 130 in file matricial.s
   Uses
      None
Comment: GPIO_PORTK_LOCK_R unused
GPIO_PORTK_PCTL_R 4006152C

Symbol: GPIO_PORTK_PCTL_R
   Definitions
      At line 133 in file matricial.s
   Uses
      None
Comment: GPIO_PORTK_PCTL_R unused
GPIO_PORTK_PUR_R 40061510

Symbol: GPIO_PORTK_PUR_R
   Definitions
      At line 128 in file matricial.s
   Uses
      None
Comment: GPIO_PORTK_PUR_R unused
GPIO_PORTL 00000400

Symbol: GPIO_PORTL
   Definitions
      At line 147 in file matricial.s
   Uses
      None
Comment: GPIO_PORTL unused
GPIO_PORTL_AFSEL_R 40062420

Symbol: GPIO_PORTL_AFSEL_R
   Definitions
      At line 139 in file matricial.s
   Uses
      None
Comment: GPIO_PORTL_AFSEL_R unused
GPIO_PORTL_AMSEL_R 40062528

Symbol: GPIO_PORTL_AMSEL_R
   Definitions
      At line 145 in file matricial.s
   Uses
      None
Comment: GPIO_PORTL_AMSEL_R unused
GPIO_PORTL_CR_R 40062524




ARM Macro Assembler    Page 15 Alphabetic symbol ordering
Absolute symbols

Symbol: GPIO_PORTL_CR_R
   Definitions
      At line 144 in file matricial.s
   Uses
      None
Comment: GPIO_PORTL_CR_R unused
GPIO_PORTL_DATA_R 400623FC

Symbol: GPIO_PORTL_DATA_R
   Definitions
      At line 137 in file matricial.s
   Uses
      At line 222 in file matricial.s
Comment: GPIO_PORTL_DATA_R used once
GPIO_PORTL_DEN_R 4006251C

Symbol: GPIO_PORTL_DEN_R
   Definitions
      At line 142 in file matricial.s
   Uses
      None
Comment: GPIO_PORTL_DEN_R unused
GPIO_PORTL_DIR_R 40062400

Symbol: GPIO_PORTL_DIR_R
   Definitions
      At line 138 in file matricial.s
   Uses
      None
Comment: GPIO_PORTL_DIR_R unused
GPIO_PORTL_LOCK_R 40062520

Symbol: GPIO_PORTL_LOCK_R
   Definitions
      At line 143 in file matricial.s
   Uses
      None
Comment: GPIO_PORTL_LOCK_R unused
GPIO_PORTL_PCTL_R 4006252C

Symbol: GPIO_PORTL_PCTL_R
   Definitions
      At line 146 in file matricial.s
   Uses
      None
Comment: GPIO_PORTL_PCTL_R unused
GPIO_PORTL_PDR_R 40062514

Symbol: GPIO_PORTL_PDR_R
   Definitions
      At line 141 in file matricial.s
   Uses
      None
Comment: GPIO_PORTL_PDR_R unused
GPIO_PORTL_PUR_R 40062510

Symbol: GPIO_PORTL_PUR_R
   Definitions
      At line 140 in file matricial.s



ARM Macro Assembler    Page 16 Alphabetic symbol ordering
Absolute symbols

   Uses
      None
Comment: GPIO_PORTL_PUR_R unused
GPIO_PORTM 00000800

Symbol: GPIO_PORTM
   Definitions
      At line 159 in file matricial.s
   Uses
      None
Comment: GPIO_PORTM unused
GPIO_PORTM_AFSEL_R 40063420

Symbol: GPIO_PORTM_AFSEL_R
   Definitions
      At line 152 in file matricial.s
   Uses
      None
Comment: GPIO_PORTM_AFSEL_R unused
GPIO_PORTM_AMSEL_R 40063528

Symbol: GPIO_PORTM_AMSEL_R
   Definitions
      At line 157 in file matricial.s
   Uses
      None
Comment: GPIO_PORTM_AMSEL_R unused
GPIO_PORTM_CR_R 40063524

Symbol: GPIO_PORTM_CR_R
   Definitions
      At line 156 in file matricial.s
   Uses
      None
Comment: GPIO_PORTM_CR_R unused
GPIO_PORTM_DATA_R 400633FC

Symbol: GPIO_PORTM_DATA_R
   Definitions
      At line 150 in file matricial.s
   Uses
      At line 219 in file matricial.s
Comment: GPIO_PORTM_DATA_R used once
GPIO_PORTM_DEN_R 4006351C

Symbol: GPIO_PORTM_DEN_R
   Definitions
      At line 154 in file matricial.s
   Uses
      None
Comment: GPIO_PORTM_DEN_R unused
GPIO_PORTM_DIR_R 40063400

Symbol: GPIO_PORTM_DIR_R
   Definitions
      At line 151 in file matricial.s
   Uses
      None
Comment: GPIO_PORTM_DIR_R unused



ARM Macro Assembler    Page 17 Alphabetic symbol ordering
Absolute symbols

GPIO_PORTM_LOCK_R 40063520

Symbol: GPIO_PORTM_LOCK_R
   Definitions
      At line 155 in file matricial.s
   Uses
      None
Comment: GPIO_PORTM_LOCK_R unused
GPIO_PORTM_PCTL_R 4006352C

Symbol: GPIO_PORTM_PCTL_R
   Definitions
      At line 158 in file matricial.s
   Uses
      None
Comment: GPIO_PORTM_PCTL_R unused
GPIO_PORTM_PUR_R 40063510

Symbol: GPIO_PORTM_PUR_R
   Definitions
      At line 153 in file matricial.s
   Uses
      None
Comment: GPIO_PORTM_PUR_R unused
GPIO_PORTN 00001000

Symbol: GPIO_PORTN
   Definitions
      At line 171 in file matricial.s
   Uses
      None
Comment: GPIO_PORTN unused
GPIO_PORTN_AFSEL_R 40064420

Symbol: GPIO_PORTN_AFSEL_R
   Definitions
      At line 164 in file matricial.s
   Uses
      None
Comment: GPIO_PORTN_AFSEL_R unused
GPIO_PORTN_AMSEL_R 40064528

Symbol: GPIO_PORTN_AMSEL_R
   Definitions
      At line 169 in file matricial.s
   Uses
      None
Comment: GPIO_PORTN_AMSEL_R unused
GPIO_PORTN_CR_R 40064524

Symbol: GPIO_PORTN_CR_R
   Definitions
      At line 168 in file matricial.s
   Uses
      None
Comment: GPIO_PORTN_CR_R unused
GPIO_PORTN_DATA_R 400643FC

Symbol: GPIO_PORTN_DATA_R



ARM Macro Assembler    Page 18 Alphabetic symbol ordering
Absolute symbols

   Definitions
      At line 162 in file matricial.s
   Uses
      None
Comment: GPIO_PORTN_DATA_R unused
GPIO_PORTN_DEN_R 4006451C

Symbol: GPIO_PORTN_DEN_R
   Definitions
      At line 166 in file matricial.s
   Uses
      None
Comment: GPIO_PORTN_DEN_R unused
GPIO_PORTN_DIR_R 40064400

Symbol: GPIO_PORTN_DIR_R
   Definitions
      At line 163 in file matricial.s
   Uses
      None
Comment: GPIO_PORTN_DIR_R unused
GPIO_PORTN_LOCK_R 40064520

Symbol: GPIO_PORTN_LOCK_R
   Definitions
      At line 167 in file matricial.s
   Uses
      None
Comment: GPIO_PORTN_LOCK_R unused
GPIO_PORTN_PCTL_R 4006452C

Symbol: GPIO_PORTN_PCTL_R
   Definitions
      At line 170 in file matricial.s
   Uses
      None
Comment: GPIO_PORTN_PCTL_R unused
GPIO_PORTN_PUR_R 40064510

Symbol: GPIO_PORTN_PUR_R
   Definitions
      At line 165 in file matricial.s
   Uses
      None
Comment: GPIO_PORTN_PUR_R unused
GPIO_PORTP 00002000

Symbol: GPIO_PORTP
   Definitions
      At line 183 in file matricial.s
   Uses
      None
Comment: GPIO_PORTP unused
GPIO_PORTP_AFSEL_R 40065420

Symbol: GPIO_PORTP_AFSEL_R
   Definitions
      At line 176 in file matricial.s
   Uses



ARM Macro Assembler    Page 19 Alphabetic symbol ordering
Absolute symbols

      None
Comment: GPIO_PORTP_AFSEL_R unused
GPIO_PORTP_AMSEL_R 40065528

Symbol: GPIO_PORTP_AMSEL_R
   Definitions
      At line 181 in file matricial.s
   Uses
      None
Comment: GPIO_PORTP_AMSEL_R unused
GPIO_PORTP_CR_R 40065524

Symbol: GPIO_PORTP_CR_R
   Definitions
      At line 180 in file matricial.s
   Uses
      None
Comment: GPIO_PORTP_CR_R unused
GPIO_PORTP_DATA_R 400653FC

Symbol: GPIO_PORTP_DATA_R
   Definitions
      At line 174 in file matricial.s
   Uses
      None
Comment: GPIO_PORTP_DATA_R unused
GPIO_PORTP_DEN_R 4006551C

Symbol: GPIO_PORTP_DEN_R
   Definitions
      At line 178 in file matricial.s
   Uses
      None
Comment: GPIO_PORTP_DEN_R unused
GPIO_PORTP_DIR_R 40065400

Symbol: GPIO_PORTP_DIR_R
   Definitions
      At line 175 in file matricial.s
   Uses
      None
Comment: GPIO_PORTP_DIR_R unused
GPIO_PORTP_LOCK_R 40065520

Symbol: GPIO_PORTP_LOCK_R
   Definitions
      At line 179 in file matricial.s
   Uses
      None
Comment: GPIO_PORTP_LOCK_R unused
GPIO_PORTP_PCTL_R 4006552C

Symbol: GPIO_PORTP_PCTL_R
   Definitions
      At line 182 in file matricial.s
   Uses
      None
Comment: GPIO_PORTP_PCTL_R unused
GPIO_PORTP_PUR_R 40065510



ARM Macro Assembler    Page 20 Alphabetic symbol ordering
Absolute symbols


Symbol: GPIO_PORTP_PUR_R
   Definitions
      At line 177 in file matricial.s
   Uses
      None
Comment: GPIO_PORTP_PUR_R unused
GPIO_PORTQ 00004000

Symbol: GPIO_PORTQ
   Definitions
      At line 195 in file matricial.s
   Uses
      None
Comment: GPIO_PORTQ unused
GPIO_PORTQ_AFSEL_R 40066420

Symbol: GPIO_PORTQ_AFSEL_R
   Definitions
      At line 188 in file matricial.s
   Uses
      None
Comment: GPIO_PORTQ_AFSEL_R unused
GPIO_PORTQ_AMSEL_R 40066528

Symbol: GPIO_PORTQ_AMSEL_R
   Definitions
      At line 193 in file matricial.s
   Uses
      None
Comment: GPIO_PORTQ_AMSEL_R unused
GPIO_PORTQ_CR_R 40066524

Symbol: GPIO_PORTQ_CR_R
   Definitions
      At line 192 in file matricial.s
   Uses
      None
Comment: GPIO_PORTQ_CR_R unused
GPIO_PORTQ_DATA_R 400663FC

Symbol: GPIO_PORTQ_DATA_R
   Definitions
      At line 186 in file matricial.s
   Uses
      None
Comment: GPIO_PORTQ_DATA_R unused
GPIO_PORTQ_DEN_R 4006651C

Symbol: GPIO_PORTQ_DEN_R
   Definitions
      At line 190 in file matricial.s
   Uses
      None
Comment: GPIO_PORTQ_DEN_R unused
GPIO_PORTQ_DIR_R 40066400

Symbol: GPIO_PORTQ_DIR_R
   Definitions



ARM Macro Assembler    Page 21 Alphabetic symbol ordering
Absolute symbols

      At line 187 in file matricial.s
   Uses
      None
Comment: GPIO_PORTQ_DIR_R unused
GPIO_PORTQ_LOCK_R 40066520

Symbol: GPIO_PORTQ_LOCK_R
   Definitions
      At line 191 in file matricial.s
   Uses
      None
Comment: GPIO_PORTQ_LOCK_R unused
GPIO_PORTQ_PCTL_R 4006652C

Symbol: GPIO_PORTQ_PCTL_R
   Definitions
      At line 194 in file matricial.s
   Uses
      None
Comment: GPIO_PORTQ_PCTL_R unused
GPIO_PORTQ_PUR_R 40066510

Symbol: GPIO_PORTQ_PUR_R
   Definitions
      At line 189 in file matricial.s
   Uses
      None
Comment: GPIO_PORTQ_PUR_R unused
SYSCTL_PRGPIO_R 400FEA08

Symbol: SYSCTL_PRGPIO_R
   Definitions
      At line 13 in file matricial.s
   Uses
      None
Comment: SYSCTL_PRGPIO_R unused
SYSCTL_RCGCGPIO_R 400FE608

Symbol: SYSCTL_RCGCGPIO_R
   Definitions
      At line 12 in file matricial.s
   Uses
      None
Comment: SYSCTL_RCGCGPIO_R unused
TECLADO_PRESS_ADDR 20000B00

Symbol: TECLADO_PRESS_ADDR
   Definitions
      At line 196 in file matricial.s
   Uses
      At line 332 in file matricial.s
Comment: TECLADO_PRESS_ADDR used once
154 symbols
499 symbols in table
